[2025-06-21 07:21:59] [info] Usando licencia local válida (próxima verificación en 20.8 horas)
[2025-06-21 07:21:59] [info] Usando licencia local válida (próxima verificación en 20.8 horas)
[2025-06-21 07:21:59] [info] Usando licencia local válida (próxima verificación en 20.8 horas)
[2025-06-21 07:37:06] [info] Usando licencia local válida (próxima verificación en 20.5 horas)
[2025-06-21 07:37:06] [info] Usando licencia local válida (próxima verificación en 20.5 horas)
[2025-06-21 07:37:06] [info] Usando licencia local válida (próxima verificación en 20.5 horas)
[2025-06-21 07:37:07] [info] Usando licencia local válida (próxima verificación en 20.5 horas)
[2025-06-21 07:37:07] [info] Usando licencia local válida (próxima verificación en 20.5 horas)
[2025-06-21 07:37:07] [info] Usando licencia local válida (próxima verificación en 20.5 horas)
[2025-06-21 07:37:08] [info] Usando licencia local válida (próxima verificación en 20.5 horas)
[2025-06-21 07:37:09] [info] Usando licencia local válida (próxima verificación en 20.5 horas)
[2025-06-21 07:37:09] [info] Usando licencia local válida (próxima verificación en 20.5 horas)
[2025-06-21 07:37:18] [info] Usando licencia local válida (próxima verificación en 20.5 horas)
[2025-06-21 07:37:18] [info] Usando licencia local válida (próxima verificación en 20.5 horas)
[2025-06-21 07:37:18] [info] Usando licencia local válida (próxima verificación en 20.5 horas)
[2025-06-21 07:37:19] [info] Usando licencia local válida (próxima verificación en 20.5 horas)
[2025-06-21 07:37:20] [info] Usando licencia local válida (próxima verificación en 20.5 horas)
[2025-06-21 07:37:20] [info] Usando licencia local válida (próxima verificación en 20.5 horas)
[2025-06-21 07:37:20] [info] Usando licencia local válida (próxima verificación en 20.5 horas)
[2025-06-21 07:37:20] [info] Usando licencia local válida (próxima verificación en 20.5 horas)
[2025-06-21 07:37:20] [info] Usando licencia local válida (próxima verificación en 20.5 horas)
[2025-06-21 07:37:22] [info] Usando licencia local válida (próxima verificación en 20.5 horas)
[2025-06-21 07:37:22] [info] Usando licencia local válida (próxima verificación en 20.5 horas)
[2025-06-21 07:37:22] [info] Usando licencia local válida (próxima verificación en 20.5 horas)
[2025-06-21 07:37:43] [info] Usando licencia local válida (próxima verificación en 20.5 horas)
[2025-06-21 07:37:44] [info] Usando licencia local válida (próxima verificación en 20.5 horas)
[2025-06-21 07:37:44] [info] Usando licencia local válida (próxima verificación en 20.5 horas)
[2025-06-21 07:37:46] [info] Usando licencia local válida (próxima verificación en 20.5 horas)
[2025-06-21 07:37:46] [info] Usando licencia local válida (próxima verificación en 20.5 horas)
[2025-06-21 07:37:49] [info] Usando licencia local válida (próxima verificación en 20.5 horas)
[2025-06-21 07:37:49] [info] Usando licencia local válida (próxima verificación en 20.5 horas)
[2025-06-21 07:37:49] [info] Usando licencia local válida (próxima verificación en 20.5 horas)
[2025-06-21 07:37:49] [info] Usando licencia local válida (próxima verificación en 20.5 horas)
[2025-06-21 07:37:50] [info] Usando licencia local válida (próxima verificación en 20.5 horas)
[2025-06-21 07:37:50] [info] Usando licencia local válida (próxima verificación en 20.5 horas)
[2025-06-21 07:38:03] [info] Usando licencia local válida (próxima verificación en 20.5 horas)
[2025-06-21 07:38:03] [info] Usando licencia local válida (próxima verificación en 20.5 horas)
[2025-06-21 07:38:04] [info] Usando licencia local válida (próxima verificación en 20.5 horas)
[2025-06-21 07:38:05] [info] Usando licencia local válida (próxima verificación en 20.5 horas)
[2025-06-21 07:38:05] [info] Usando licencia local válida (próxima verificación en 20.5 horas)
[2025-06-21 07:46:22] [info] Usando licencia local válida (próxima verificación en 20.4 horas)
[2025-06-21 07:46:22] [info] Usando licencia local válida (próxima verificación en 20.4 horas)
[2025-06-21 07:46:22] [info] Usando licencia local válida (próxima verificación en 20.4 horas)
[2025-06-21 07:46:23] [info] Usando licencia local válida (próxima verificación en 20.4 horas)
[2025-06-21 07:46:23] [info] Usando licencia local válida (próxima verificación en 20.4 horas)
[2025-06-21 07:46:24] [info] Usando licencia local válida (próxima verificación en 20.4 horas)
[2025-06-21 07:46:25] [info] Usando licencia local válida (próxima verificación en 20.4 horas)
[2025-06-21 07:46:36] [info] Usando licencia local válida (próxima verificación en 20.4 horas)
[2025-06-21 07:46:36] [info] Usando licencia local válida (próxima verificación en 20.4 horas)
[2025-06-21 07:46:36] [info] Usando licencia local válida (próxima verificación en 20.4 horas)
[2025-06-21 07:46:36] [info] Verificación forzada por administrador
[2025-06-21 07:46:36] [info] Iniciando verificación remota de licencia
[2025-06-21 07:46:36] [info] Enviando petición a: https://scode.warsup.shop/api.php
[2025-06-21 07:46:36] [success] Verificación exitosa - Licencia válida
[2025-06-21 07:46:37] [info] Usando licencia local válida (próxima verificación en 24 horas)
[2025-06-21 07:46:38] [info] Usando licencia local válida (próxima verificación en 24 horas)
[2025-06-21 07:46:38] [info] Usando licencia local válida (próxima verificación en 24 horas)
[2025-06-21 07:46:45] [info] Usando licencia local válida (próxima verificación en 24 horas)
[2025-06-21 07:46:45] [info] Usando licencia local válida (próxima verificación en 24 horas)
[2025-06-21 07:46:45] [info] Usando licencia local válida (próxima verificación en 24 horas)
[2025-06-21 07:46:46] [info] Usando licencia local válida (próxima verificación en 24 horas)
[2025-06-21 07:46:46] [info] Usando licencia local válida (próxima verificación en 24 horas)
[2025-06-21 08:01:11] [info] Usando licencia local válida (próxima verificación en 23.8 horas)
[2025-06-21 08:01:11] [info] Usando licencia local válida (próxima verificación en 23.8 horas)
[2025-06-21 08:01:11] [info] Usando licencia local válida (próxima verificación en 23.8 horas)
[2025-06-21 08:01:12] [info] Usando licencia local válida (próxima verificación en 23.8 horas)
[2025-06-21 08:01:13] [info] Usando licencia local válida (próxima verificación en 23.8 horas)
[2025-06-21 08:01:14] [info] Usando licencia local válida (próxima verificación en 23.8 horas)
[2025-06-21 08:01:16] [info] Usando licencia local válida (próxima verificación en 23.8 horas)
[2025-06-21 08:01:19] [info] Usando licencia local válida (próxima verificación en 23.8 horas)
[2025-06-21 08:01:19] [info] Usando licencia local válida (próxima verificación en 23.8 horas)
[2025-06-21 08:01:19] [info] Usando licencia local válida (próxima verificación en 23.8 horas)
[2025-06-21 08:01:19] [info] Verificación forzada por administrador
[2025-06-21 08:01:19] [info] Iniciando verificación remota de licencia
[2025-06-21 08:01:19] [info] Enviando petición a: https://scode.warsup.shop/api.php
[2025-06-21 08:01:19] [success] Verificación exitosa - Licencia válida
[2025-06-21 08:01:20] [info] Usando licencia local válida (próxima verificación en 24 horas)
[2025-06-21 08:01:21] [info] Usando licencia local válida (próxima verificación en 24 horas)
[2025-06-21 08:01:21] [info] Usando licencia local válida (próxima verificación en 24 horas)
[2025-06-21 08:02:16] [info] Usando licencia local válida (próxima verificación en 24 horas)
[2025-06-21 08:02:16] [info] Usando licencia local válida (próxima verificación en 24 horas)
[2025-06-21 08:02:17] [info] Usando licencia local válida (próxima verificación en 24 horas)
[2025-06-21 08:02:18] [info] Usando licencia local válida (próxima verificación en 24 horas)
[2025-06-21 08:02:19] [info] Usando licencia local válida (próxima verificación en 24 horas)
[2025-06-21 08:07:20] [info] Usando licencia local válida (próxima verificación en 23.9 horas)
[2025-06-21 08:07:20] [info] Usando licencia local válida (próxima verificación en 23.9 horas)
[2025-06-21 08:07:20] [info] Usando licencia local válida (próxima verificación en 23.9 horas)
[2025-06-21 08:07:20] [info] Verificación forzada por administrador
[2025-06-21 08:07:20] [info] Iniciando verificación remota de licencia
[2025-06-21 08:07:20] [info] Enviando petición a: https://scode.warsup.shop/api.php
[2025-06-21 08:07:20] [success] Verificación exitosa - Licencia válida
[2025-06-21 08:07:21] [info] Usando licencia local válida (próxima verificación en 24 horas)
[2025-06-21 08:07:22] [info] Usando licencia local válida (próxima verificación en 24 horas)
[2025-06-21 08:07:23] [info] Usando licencia local válida (próxima verificación en 24 horas)
[2025-06-21 08:07:23] [info] Usando licencia local válida (próxima verificación en 24 horas)
[2025-06-21 08:15:33] [info] Usando licencia local válida (próxima verificación en 23.9 horas)
[2025-06-21 08:15:33] [info] Usando licencia local válida (próxima verificación en 23.9 horas)
[2025-06-21 08:15:33] [info] Usando licencia local válida (próxima verificación en 23.9 horas)
[2025-06-21 08:15:33] [info] Verificación forzada por administrador
[2025-06-21 08:15:33] [info] Iniciando verificación remota de licencia
[2025-06-21 08:15:33] [info] Enviando petición a: https://scode.warsup.shop/api.php
[2025-06-21 08:15:33] [success] Verificación exitosa - Licencia válida
[2025-06-21 08:15:36] [info] Usando licencia local válida (próxima verificación en 24 horas)
[2025-06-21 08:15:36] [info] Usando licencia local válida (próxima verificación en 24 horas)
[2025-06-21 08:15:38] [info] Usando licencia local válida (próxima verificación en 24 horas)
[2025-06-21 08:15:38] [info] Usando licencia local válida (próxima verificación en 24 horas)
[2025-06-21 08:18:48] [info] Usando licencia local válida (próxima verificación en 23.9 horas)
[2025-06-21 08:18:48] [info] Usando licencia local válida (próxima verificación en 23.9 horas)
[2025-06-21 08:18:48] [info] Usando licencia local válida (próxima verificación en 23.9 horas)
[2025-06-21 08:18:48] [info] Verificación forzada por administrador
[2025-06-21 08:18:48] [info] Iniciando verificación remota de licencia
[2025-06-21 08:18:48] [info] Enviando petición a: https://scode.warsup.shop/api.php
[2025-06-21 08:18:48] [success] Verificación exitosa - Licencia válida
[2025-06-21 08:18:51] [info] Usando licencia local válida (próxima verificación en 24 horas)
[2025-06-21 08:18:51] [info] Usando licencia local válida (próxima verificación en 24 horas)
[2025-06-21 08:18:52] [info] Usando licencia local válida (próxima verificación en 24 horas)
[2025-06-21 08:18:52] [info] Usando licencia local válida (próxima verificación en 24 horas)
[2025-06-21 08:23:25] [info] Usando licencia local válida (próxima verificación en 23.9 horas)
[2025-06-21 08:23:25] [info] Usando licencia local válida (próxima verificación en 23.9 horas)
[2025-06-21 08:23:25] [info] Usando licencia local válida (próxima verificación en 23.9 horas)
[2025-06-21 08:23:25] [info] Verificación forzada por administrador
[2025-06-21 08:23:25] [info] Iniciando verificación remota de licencia
[2025-06-21 08:23:25] [info] Enviando petición a: https://scode.warsup.shop/api.php
[2025-06-21 08:23:25] [success] Verificación exitosa - Licencia válida
[2025-06-21 08:23:26] [info] Usando licencia local válida (próxima verificación en 24 horas)
[2025-06-21 08:23:27] [info] Usando licencia local válida (próxima verificación en 24 horas)
[2025-06-21 08:23:28] [info] Usando licencia local válida (próxima verificación en 24 horas)
[2025-06-21 08:23:30] [info] Usando licencia local válida (próxima verificación en 24 horas)
[2025-06-21 08:26:39] [info] Usando licencia local válida (próxima verificación en 23.9 horas)
[2025-06-21 08:26:39] [info] Usando licencia local válida (próxima verificación en 23.9 horas)
[2025-06-21 08:26:39] [info] Usando licencia local válida (próxima verificación en 23.9 horas)
[2025-06-21 08:26:39] [info] Verificación forzada por administrador
[2025-06-21 08:26:39] [info] Iniciando verificación remota de licencia
[2025-06-21 08:26:39] [info] Enviando petición a: https://scode.warsup.shop/api.php
[2025-06-21 08:26:39] [success] Verificación exitosa - Licencia válida
[2025-06-21 08:26:41] [info] Usando licencia local válida (próxima verificación en 24 horas)
[2025-06-21 08:26:41] [info] Usando licencia local válida (próxima verificación en 24 horas)
[2025-06-21 08:26:42] [info] Usando licencia local válida (próxima verificación en 24 horas)
[2025-06-21 08:26:42] [info] Usando licencia local válida (próxima verificación en 24 horas)
[2025-06-21 08:30:04] [info] Usando licencia local válida (próxima verificación en 23.9 horas)
[2025-06-21 08:30:04] [info] Usando licencia local válida (próxima verificación en 23.9 horas)
[2025-06-21 08:30:04] [info] Usando licencia local válida (próxima verificación en 23.9 horas)
[2025-06-21 08:30:04] [info] Verificación forzada por administrador
[2025-06-21 08:30:04] [info] Iniciando verificación remota de licencia
[2025-06-21 08:30:04] [info] Enviando petición a: https://scode.warsup.shop/api.php
[2025-06-21 08:30:04] [success] Verificación exitosa - Licencia válida
[2025-06-21 08:30:06] [info] Usando licencia local válida (próxima verificación en 24 horas)
[2025-06-21 08:30:07] [info] Usando licencia local válida (próxima verificación en 24 horas)
[2025-06-21 08:30:09] [info] Usando licencia local válida (próxima verificación en 24 horas)
[2025-06-21 08:30:10] [info] Usando licencia local válida (próxima verificación en 24 horas)
[2025-06-21 08:32:45] [info] Usando licencia local válida (próxima verificación en 24 horas)
[2025-06-21 08:32:45] [info] Usando licencia local válida (próxima verificación en 24 horas)
[2025-06-21 08:32:45] [info] Usando licencia local válida (próxima verificación en 24 horas)
[2025-06-21 08:32:45] [info] Verificación forzada por administrador
[2025-06-21 08:32:45] [info] Iniciando verificación remota de licencia
[2025-06-21 08:32:45] [info] Enviando petición a: https://scode.warsup.shop/api.php
[2025-06-21 08:32:45] [success] Verificación exitosa - Licencia válida
[2025-06-21 08:32:46] [info] Usando licencia local válida (próxima verificación en 24 horas)
[2025-06-21 08:32:47] [info] Usando licencia local válida (próxima verificación en 24 horas)
[2025-06-21 08:32:47] [info] Usando licencia local válida (próxima verificación en 24 horas)
[2025-06-21 21:13:07] [info] Usando licencia local válida (próxima verificación en 11.3 horas)
[2025-06-21 21:13:08] [info] Usando licencia local válida (próxima verificación en 11.3 horas)
[2025-06-21 21:13:10] [info] Usando licencia local válida (próxima verificación en 11.3 horas)
[2025-06-21 21:13:11] [info] Usando licencia local válida (próxima verificación en 11.3 horas)
[2025-06-21 21:15:46] [info] Usando licencia local válida (próxima verificación en 11.3 horas)
[2025-06-21 21:15:46] [info] Usando licencia local válida (próxima verificación en 11.3 horas)
[2025-06-21 21:15:46] [info] Usando licencia local válida (próxima verificación en 11.3 horas)
[2025-06-21 21:15:47] [info] Usando licencia local válida (próxima verificación en 11.3 horas)
[2025-06-21 21:23:31] [info] Usando licencia local válida (próxima verificación en 11.2 horas)
[2025-06-21 21:23:31] [info] Usando licencia local válida (próxima verificación en 11.2 horas)
[2025-06-21 21:23:31] [info] Usando licencia local válida (próxima verificación en 11.2 horas)
[2025-06-21 21:23:31] [info] Usando licencia local válida (próxima verificación en 11.2 horas)
[2025-06-21 21:24:48] [info] Usando licencia local válida (próxima verificación en 11.1 horas)
[2025-06-21 21:24:48] [info] Usando licencia local válida (próxima verificación en 11.1 horas)
[2025-06-21 21:24:49] [info] Usando licencia local válida (próxima verificación en 11.1 horas)
[2025-06-21 21:24:50] [info] Usando licencia local válida (próxima verificación en 11.1 horas)
[2025-06-21 21:24:50] [info] Usando licencia local válida (próxima verificación en 11.1 horas)
[2025-06-21 21:24:52] [info] Usando licencia local válida (próxima verificación en 11.1 horas)
[2025-06-21 21:24:52] [info] Usando licencia local válida (próxima verificación en 11.1 horas)
[2025-06-21 21:25:04] [info] Usando licencia local válida (próxima verificación en 11.1 horas)
[2025-06-21 21:25:04] [info] Usando licencia local válida (próxima verificación en 11.1 horas)
[2025-06-21 21:25:05] [info] Usando licencia local válida (próxima verificación en 11.1 horas)
[2025-06-21 21:25:06] [info] Usando licencia local válida (próxima verificación en 11.1 horas)
[2025-06-21 21:25:07] [info] Usando licencia local válida (próxima verificación en 11.1 horas)
[2025-06-21 21:25:16] [info] Usando licencia local válida (próxima verificación en 11.1 horas)
[2025-06-21 21:25:16] [info] Usando licencia local válida (próxima verificación en 11.1 horas)
[2025-06-21 21:25:17] [info] Usando licencia local válida (próxima verificación en 11.1 horas)
[2025-06-21 21:25:19] [info] Usando licencia local válida (próxima verificación en 11.1 horas)
[2025-06-21 21:25:19] [info] Usando licencia local válida (próxima verificación en 11.1 horas)
[2025-06-21 21:25:19] [info] Usando licencia local válida (próxima verificación en 11.1 horas)
[2025-06-21 21:25:20] [info] Usando licencia local válida (próxima verificación en 11.1 horas)
[2025-06-21 21:25:21] [info] Usando licencia local válida (próxima verificación en 11.1 horas)
[2025-06-21 21:25:22] [info] Usando licencia local válida (próxima verificación en 11.1 horas)
